app/build/intermediates/manifest_merge_blame_file/debug/manifest-merger-blame-debug-report.txt
1<?xml version="1.0" encoding="utf-8"?>
2<manifest xmlns:android="http://schemas.android.com/apk/res/android"
3    package="com.vasu.appcenter"
4    android:versionCode="2"
5    android:versionName="1.1" >
6
7    <uses-sdk
8        android:minSdkVersion="16"
8-->src/main/AndroidManifest.xml
9        android:targetSdkVersion="30" />
9-->src/main/AndroidManifest.xml
10
11    <uses-permission android:name="android.permission.INTERNET" />
11-->src/main/AndroidManifest.xml:6:5-67
11-->src/main/AndroidManifest.xml:6:22-64
12    <uses-permission android:name="android.permission.CAMERA" />
12-->src/main/AndroidManifest.xml:7:5-65
12-->src/main/AndroidManifest.xml:7:22-62
13    <uses-permission android:name="android.permission.RECORD_AUDIO" />
13-->src/main/AndroidManifest.xml:8:5-70
13-->src/main/AndroidManifest.xml:8:22-68
14    <uses-permission android:name="android.permission.WRITE_EXTERNAL_STORAGE" />
14-->src/main/AndroidManifest.xml:9:5-11:40
14-->src/main/AndroidManifest.xml:10:9-65
15    <uses-permission android:name="android.permission.READ_EXTERNAL_STORAGE" />
15-->src/main/AndroidManifest.xml:12:5-80
15-->src/main/AndroidManifest.xml:12:22-77
16    <uses-permission android:name="android.permission.ACCESS_NETWORK_STATE" />
16-->[:base] AndroidManifest.xml:10:5-79
16-->[:base] AndroidManifest.xml:10:22-76
17    <uses-permission android:name="com.google.android.gms.permission.AD_ID" /> <!-- Android package visibility setting -->
17-->[com.google.android.gms:play-services-ads-lite:20.4.0] AndroidManifest.xml:25:5-79
17-->[com.google.android.gms:play-services-ads-lite:20.4.0] AndroidManifest.xml:25:22-76
18    <queries>
18-->[com.google.android.gms:play-services-ads-lite:20.4.0] AndroidManifest.xml:28:5-44:15
19
20        <!-- For browser content -->
21        <intent>
21-->[com.google.android.gms:play-services-ads-lite:20.4.0] AndroidManifest.xml:31:9-37:18
22            <action android:name="android.intent.action.VIEW" />
22-->[com.google.android.gms:play-services-ads-lite:20.4.0] AndroidManifest.xml:32:13-65
22-->[com.google.android.gms:play-services-ads-lite:20.4.0] AndroidManifest.xml:32:21-62
23
24            <category android:name="android.intent.category.BROWSABLE" />
24-->[com.google.android.gms:play-services-ads-lite:20.4.0] AndroidManifest.xml:34:13-74
24-->[com.google.android.gms:play-services-ads-lite:20.4.0] AndroidManifest.xml:34:23-71
25
26            <data android:scheme="https" />
26-->[com.google.android.gms:play-services-ads-lite:20.4.0] AndroidManifest.xml:36:13-44
26-->[com.google.android.gms:play-services-ads-lite:20.4.0] AndroidManifest.xml:36:19-41
27        </intent>
28        <!-- End of browser content -->
29        <!-- For CustomTabsService -->
30        <intent>
30-->[com.google.android.gms:play-services-ads-lite:20.4.0] AndroidManifest.xml:40:9-42:18
31            <action android:name="android.support.customtabs.action.CustomTabsService" />
31-->[com.google.android.gms:play-services-ads-lite:20.4.0] AndroidManifest.xml:41:13-90
31-->[com.google.android.gms:play-services-ads-lite:20.4.0] AndroidManifest.xml:41:21-87
32        </intent>
33        <!-- End of CustomTabsService -->
34    </queries>
35
36    <uses-permission android:name="android.permission.WAKE_LOCK" />
36-->[com.google.android.gms:play-services-measurement-sdk-api:18.0.3] AndroidManifest.xml:25:5-68
36-->[com.google.android.gms:play-services-measurement-sdk-api:18.0.3] AndroidManifest.xml:25:22-65
37    <uses-permission android:name="android.permission.RECEIVE_BOOT_COMPLETED" />
37-->[androidx.work:work-runtime:2.1.0] AndroidManifest.xml:27:5-81
37-->[androidx.work:work-runtime:2.1.0] AndroidManifest.xml:27:22-78
38
39    <application
39-->src/main/AndroidManifest.xml:14:5-52:19
40        android:name="com.vasu.appcenter.AppApplication"
40-->src/main/AndroidManifest.xml:15:9-39
41        android:allowBackup="false"
41-->src/main/AndroidManifest.xml:16:9-36
42        android:appComponentFactory="androidx.core.app.CoreComponentFactory"
42-->[androidx.core:core:1.6.0] AndroidManifest.xml:24:18-86
43        android:debuggable="true"
44        android:icon="@mipmap/ic_launcher"
44-->src/main/AndroidManifest.xml:17:9-43
45        android:label="@string/app_name"
45-->src/main/AndroidManifest.xml:18:9-41
46        android:largeHeap="true"
46-->src/main/AndroidManifest.xml:19:9-33
47        android:requestLegacyExternalStorage="true"
47-->src/main/AndroidManifest.xml:20:9-52
48        android:roundIcon="@mipmap/ic_launcher_round"
48-->src/main/AndroidManifest.xml:21:9-54
49        android:supportsRtl="true"
49-->src/main/AndroidManifest.xml:22:9-35
50        android:theme="@style/AppTheme" >
50-->src/main/AndroidManifest.xml:23:9-40
51        <activity
51-->src/main/AndroidManifest.xml:25:9-27:40
52            android:name="com.vasu.appcenter.NativeAdsActivity"
52-->src/main/AndroidManifest.xml:26:13-46
53            android:exported="false" />
53-->src/main/AndroidManifest.xml:27:13-37
54        <activity
54-->src/main/AndroidManifest.xml:28:9-31:52
55            android:name="com.vasu.appcenter.SecondActivity"
55-->src/main/AndroidManifest.xml:29:13-43
56            android:exported="false"
56-->src/main/AndroidManifest.xml:30:13-37
57            android:screenOrientation="portrait" />
57-->src/main/AndroidManifest.xml:31:13-49
58        <activity
58-->src/main/AndroidManifest.xml:32:9-35:52
59            android:name="com.vasu.appcenter.MainActivity"
59-->src/main/AndroidManifest.xml:33:13-41
60            android:exported="false"
60-->src/main/AndroidManifest.xml:34:13-37
61            android:screenOrientation="portrait" />
61-->src/main/AndroidManifest.xml:35:13-49
62        <activity
62-->src/main/AndroidManifest.xml:36:9-47:20
63            android:name="com.vasu.appcenter.SplashActivity"
63-->src/main/AndroidManifest.xml:37:13-43
64            android:exported="true"
64-->src/main/AndroidManifest.xml:38:13-36
65            android:screenOrientation="portrait"
65-->src/main/AndroidManifest.xml:39:13-49
66            android:theme="@style/AppTranslucent"
66-->src/main/AndroidManifest.xml:40:13-50
67            android:windowSoftInputMode="adjustNothing" >
67-->src/main/AndroidManifest.xml:41:13-56
68            <intent-filter>
68-->src/main/AndroidManifest.xml:42:13-46:29
69                <action android:name="android.intent.action.MAIN" />
69-->src/main/AndroidManifest.xml:43:17-69
69-->src/main/AndroidManifest.xml:43:25-66
70
71                <category android:name="android.intent.category.LAUNCHER" />
71-->src/main/AndroidManifest.xml:45:17-77
71-->src/main/AndroidManifest.xml:45:27-74
72            </intent-filter>
73        </activity>
74
75        <meta-data
75-->src/main/AndroidManifest.xml:49:9-51:52
76            android:name="com.google.android.gms.ads.APPLICATION_ID"
76-->src/main/AndroidManifest.xml:50:13-69
77            android:value="@string/admob_app_id" />
77-->src/main/AndroidManifest.xml:51:13-49
78
79        <activity
79-->[:appcenter] AndroidManifest.xml:12:9-15:52
80            android:name="com.example.latest.vasu.newappcenter.MoreAppsActivity"
80-->[:appcenter] AndroidManifest.xml:13:13-81
81            android:exported="true"
81-->[:appcenter] AndroidManifest.xml:14:13-36
82            android:screenOrientation="portrait" />
82-->[:appcenter] AndroidManifest.xml:15:13-49
83        <activity
83-->[com.github.AkshayHarsoda:AksPermission-Android:v1.1.0] AndroidManifest.xml:12:9-14:66
84            android:name="com.akshay.harsoda.permission.helper.activity.PermissionActivity"
84-->[com.github.AkshayHarsoda:AksPermission-Android:v1.1.0] AndroidManifest.xml:13:13-92
85            android:theme="@style/PermissionTheme.Transparent" /> <!-- Include the AdActivity and InAppPurchaseActivity configChanges and themes. -->
85-->[com.github.AkshayHarsoda:AksPermission-Android:v1.1.0] AndroidManifest.xml:14:13-63
86        <activity
86-->[com.google.android.gms:play-services-ads-lite:20.4.0] AndroidManifest.xml:49:9-53:64
87            android:name="com.google.android.gms.ads.AdActivity"
87-->[com.google.android.gms:play-services-ads-lite:20.4.0] AndroidManifest.xml:50:13-65
88            android:configChanges="keyboard|keyboardHidden|orientation|screenLayout|uiMode|screenSize|smallestScreenSize"
88-->[com.google.android.gms:play-services-ads-lite:20.4.0] AndroidManifest.xml:51:13-122
89            android:exported="false"
89-->[com.google.android.gms:play-services-ads-lite:20.4.0] AndroidManifest.xml:52:13-37
90            android:theme="@android:style/Theme.Translucent" />
90-->[com.google.android.gms:play-services-ads-lite:20.4.0] AndroidManifest.xml:53:13-61
91
92        <provider
92-->[com.google.android.gms:play-services-ads-lite:20.4.0] AndroidManifest.xml:55:9-59:39
93            android:name="com.google.android.gms.ads.MobileAdsInitProvider"
93-->[com.google.android.gms:play-services-ads-lite:20.4.0] AndroidManifest.xml:56:13-76
94            android:authorities="com.vasu.appcenter.mobileadsinitprovider"
94-->[com.google.android.gms:play-services-ads-lite:20.4.0] AndroidManifest.xml:57:13-73
95            android:exported="false"
95-->[com.google.android.gms:play-services-ads-lite:20.4.0] AndroidManifest.xml:58:13-37
96            android:initOrder="100" />
96-->[com.google.android.gms:play-services-ads-lite:20.4.0] AndroidManifest.xml:59:13-36
97
98        <service
98-->[com.google.android.gms:play-services-ads-lite:20.4.0] AndroidManifest.xml:61:9-64:40
99            android:name="com.google.android.gms.ads.AdService"
99-->[com.google.android.gms:play-services-ads-lite:20.4.0] AndroidManifest.xml:62:13-64
100            android:enabled="true"
100-->[com.google.android.gms:play-services-ads-lite:20.4.0] AndroidManifest.xml:63:13-35
101            android:exported="false" />
101-->[com.google.android.gms:play-services-ads-lite:20.4.0] AndroidManifest.xml:64:13-37
102
103        <meta-data
103-->[com.google.android.gms:play-services-basement:17.6.0] AndroidManifest.xml:23:9-25:69
104            android:name="com.google.android.gms.version"
104-->[com.google.android.gms:play-services-basement:17.6.0] AndroidManifest.xml:24:13-58
105            android:value="@integer/google_play_services_version" />
105-->[com.google.android.gms:play-services-basement:17.6.0] AndroidManifest.xml:25:13-66
106
107        <provider
107-->[androidx.work:work-runtime:2.1.0] AndroidManifest.xml:30:9-36:35
108            android:name="androidx.work.impl.WorkManagerInitializer"
108-->[androidx.work:work-runtime:2.1.0] AndroidManifest.xml:31:13-69
109            android:authorities="com.vasu.appcenter.workmanager-init"
109-->[androidx.work:work-runtime:2.1.0] AndroidManifest.xml:32:13-68
110            android:directBootAware="false"
110-->[androidx.work:work-runtime:2.1.0] AndroidManifest.xml:33:13-44
111            android:exported="false"
111-->[androidx.work:work-runtime:2.1.0] AndroidManifest.xml:34:13-37
112            android:multiprocess="true" />
112-->[androidx.work:work-runtime:2.1.0] AndroidManifest.xml:35:13-40
113
114        <service
114-->[androidx.work:work-runtime:2.1.0] AndroidManifest.xml:38:9-43:35
115            android:name="androidx.work.impl.background.systemalarm.SystemAlarmService"
115-->[androidx.work:work-runtime:2.1.0] AndroidManifest.xml:39:13-88
116            android:directBootAware="false"
116-->[androidx.work:work-runtime:2.1.0] AndroidManifest.xml:40:13-44
117            android:enabled="@bool/enable_system_alarm_service_default"
117-->[androidx.work:work-runtime:2.1.0] AndroidManifest.xml:41:13-72
118            android:exported="false" />
118-->[androidx.work:work-runtime:2.1.0] AndroidManifest.xml:42:13-37
119        <service
119-->[androidx.work:work-runtime:2.1.0] AndroidManifest.xml:44:9-50:35
120            android:name="androidx.work.impl.background.systemjob.SystemJobService"
120-->[androidx.work:work-runtime:2.1.0] AndroidManifest.xml:45:13-84
121            android:directBootAware="false"
121-->[androidx.work:work-runtime:2.1.0] AndroidManifest.xml:46:13-44
122            android:enabled="@bool/enable_system_job_service_default"
122-->[androidx.work:work-runtime:2.1.0] AndroidManifest.xml:47:13-70
123            android:exported="true"
123-->[androidx.work:work-runtime:2.1.0] AndroidManifest.xml:48:13-36
124            android:permission="android.permission.BIND_JOB_SERVICE" />
124-->[androidx.work:work-runtime:2.1.0] AndroidManifest.xml:49:13-69
125
126        <receiver
126-->[androidx.work:work-runtime:2.1.0] AndroidManifest.xml:52:9-57:35
127            android:name="androidx.work.impl.utils.ForceStopRunnable$BroadcastReceiver"
127-->[androidx.work:work-runtime:2.1.0] AndroidManifest.xml:53:13-88
128            android:directBootAware="false"
128-->[androidx.work:work-runtime:2.1.0] AndroidManifest.xml:54:13-44
129            android:enabled="true"
129-->[androidx.work:work-runtime:2.1.0] AndroidManifest.xml:55:13-35
130            android:exported="false" />
130-->[androidx.work:work-runtime:2.1.0] AndroidManifest.xml:56:13-37
131        <receiver
131-->[androidx.work:work-runtime:2.1.0] AndroidManifest.xml:58:9-68:20
132            android:name="androidx.work.impl.background.systemalarm.ConstraintProxy$BatteryChargingProxy"
132-->[androidx.work:work-runtime:2.1.0] AndroidManifest.xml:59:13-106
133            android:directBootAware="false"
133-->[androidx.work:work-runtime:2.1.0] AndroidManifest.xml:60:13-44
134            android:enabled="false"
134-->[androidx.work:work-runtime:2.1.0] AndroidManifest.xml:61:13-36
135            android:exported="false" >
135-->[androidx.work:work-runtime:2.1.0] AndroidManifest.xml:62:13-37
136            <intent-filter>
136-->[androidx.work:work-runtime:2.1.0] AndroidManifest.xml:64:13-67:29
137                <action android:name="android.intent.action.ACTION_POWER_CONNECTED" />
137-->[androidx.work:work-runtime:2.1.0] AndroidManifest.xml:65:17-87
137-->[androidx.work:work-runtime:2.1.0] AndroidManifest.xml:65:25-84
138                <action android:name="android.intent.action.ACTION_POWER_DISCONNECTED" />
138-->[androidx.work:work-runtime:2.1.0] AndroidManifest.xml:66:17-90
138-->[androidx.work:work-runtime:2.1.0] AndroidManifest.xml:66:25-87
139            </intent-filter>
140        </receiver>
141        <receiver
141-->[androidx.work:work-runtime:2.1.0] AndroidManifest.xml:69:9-79:20
142            android:name="androidx.work.impl.background.systemalarm.ConstraintProxy$BatteryNotLowProxy"
142-->[androidx.work:work-runtime:2.1.0] AndroidManifest.xml:70:13-104
143            android:directBootAware="false"
143-->[androidx.work:work-runtime:2.1.0] AndroidManifest.xml:71:13-44
144            android:enabled="false"
144-->[androidx.work:work-runtime:2.1.0] AndroidManifest.xml:72:13-36
145            android:exported="false" >
145-->[androidx.work:work-runtime:2.1.0] AndroidManifest.xml:73:13-37
146            <intent-filter>
146-->[androidx.work:work-runtime:2.1.0] AndroidManifest.xml:75:13-78:29
147                <action android:name="android.intent.action.BATTERY_OKAY" />
147-->[androidx.work:work-runtime:2.1.0] AndroidManifest.xml:76:17-77
147-->[androidx.work:work-runtime:2.1.0] AndroidManifest.xml:76:25-74
148                <action android:name="android.intent.action.BATTERY_LOW" />
148-->[androidx.work:work-runtime:2.1.0] AndroidManifest.xml:77:17-76
148-->[androidx.work:work-runtime:2.1.0] AndroidManifest.xml:77:25-73
149            </intent-filter>
150        </receiver>
151        <receiver
151-->[androidx.work:work-runtime:2.1.0] AndroidManifest.xml:80:9-90:20
152            android:name="androidx.work.impl.background.systemalarm.ConstraintProxy$StorageNotLowProxy"
152-->[androidx.work:work-runtime:2.1.0] AndroidManifest.xml:81:13-104
153            android:directBootAware="false"
153-->[androidx.work:work-runtime:2.1.0] AndroidManifest.xml:82:13-44
154            android:enabled="false"
154-->[androidx.work:work-runtime:2.1.0] AndroidManifest.xml:83:13-36
155            android:exported="false" >
155-->[androidx.work:work-runtime:2.1.0] AndroidManifest.xml:84:13-37
156            <intent-filter>
156-->[androidx.work:work-runtime:2.1.0] AndroidManifest.xml:86:13-89:29
157                <action android:name="android.intent.action.DEVICE_STORAGE_LOW" />
157-->[androidx.work:work-runtime:2.1.0] AndroidManifest.xml:87:17-83
157-->[androidx.work:work-runtime:2.1.0] AndroidManifest.xml:87:25-80
158                <action android:name="android.intent.action.DEVICE_STORAGE_OK" />
158-->[androidx.work:work-runtime:2.1.0] AndroidManifest.xml:88:17-82
158-->[androidx.work:work-runtime:2.1.0] AndroidManifest.xml:88:25-79
159            </intent-filter>
160        </receiver>
161        <receiver
161-->[androidx.work:work-runtime:2.1.0] AndroidManifest.xml:91:9-100:20
162            android:name="androidx.work.impl.background.systemalarm.ConstraintProxy$NetworkStateProxy"
162-->[androidx.work:work-runtime:2.1.0] AndroidManifest.xml:92:13-103
163            android:directBootAware="false"
163-->[androidx.work:work-runtime:2.1.0] AndroidManifest.xml:93:13-44
164            android:enabled="false"
164-->[androidx.work:work-runtime:2.1.0] AndroidManifest.xml:94:13-36
165            android:exported="false" >
165-->[androidx.work:work-runtime:2.1.0] AndroidManifest.xml:95:13-37
166            <intent-filter>
166-->[androidx.work:work-runtime:2.1.0] AndroidManifest.xml:97:13-99:29
167                <action android:name="android.net.conn.CONNECTIVITY_CHANGE" />
167-->[androidx.work:work-runtime:2.1.0] AndroidManifest.xml:98:17-79
167-->[androidx.work:work-runtime:2.1.0] AndroidManifest.xml:98:25-76
168            </intent-filter>
169        </receiver>
170        <receiver
170-->[androidx.work:work-runtime:2.1.0] AndroidManifest.xml:101:9-112:20
171            android:name="androidx.work.impl.background.systemalarm.RescheduleReceiver"
171-->[androidx.work:work-runtime:2.1.0] AndroidManifest.xml:102:13-88
172            android:directBootAware="false"
172-->[androidx.work:work-runtime:2.1.0] AndroidManifest.xml:103:13-44
173            android:enabled="false"
173-->[androidx.work:work-runtime:2.1.0] AndroidManifest.xml:104:13-36
174            android:exported="false" >
174-->[androidx.work:work-runtime:2.1.0] AndroidManifest.xml:105:13-37
175            <intent-filter>
175-->[androidx.work:work-runtime:2.1.0] AndroidManifest.xml:107:13-111:29
176                <action android:name="android.intent.action.BOOT_COMPLETED" />
176-->[androidx.work:work-runtime:2.1.0] AndroidManifest.xml:108:17-79
176-->[androidx.work:work-runtime:2.1.0] AndroidManifest.xml:108:25-76
177                <action android:name="android.intent.action.TIME_SET" />
177-->[androidx.work:work-runtime:2.1.0] AndroidManifest.xml:109:17-73
177-->[androidx.work:work-runtime:2.1.0] AndroidManifest.xml:109:25-70
178                <action android:name="android.intent.action.TIMEZONE_CHANGED" />
178-->[androidx.work:work-runtime:2.1.0] AndroidManifest.xml:110:17-81
178-->[androidx.work:work-runtime:2.1.0] AndroidManifest.xml:110:25-78
179            </intent-filter>
180        </receiver>
181        <receiver
181-->[androidx.work:work-runtime:2.1.0] AndroidManifest.xml:113:9-122:20
182            android:name="androidx.work.impl.background.systemalarm.ConstraintProxyUpdateReceiver"
182-->[androidx.work:work-runtime:2.1.0] AndroidManifest.xml:114:13-99
183            android:directBootAware="false"
183-->[androidx.work:work-runtime:2.1.0] AndroidManifest.xml:115:13-44
184            android:enabled="@bool/enable_system_alarm_service_default"
184-->[androidx.work:work-runtime:2.1.0] AndroidManifest.xml:116:13-72
185            android:exported="false" >
185-->[androidx.work:work-runtime:2.1.0] AndroidManifest.xml:117:13-37
186            <intent-filter>
186-->[androidx.work:work-runtime:2.1.0] AndroidManifest.xml:119:13-121:29
187                <action android:name="androidx.work.impl.background.systemalarm.UpdateProxies" />
187-->[androidx.work:work-runtime:2.1.0] AndroidManifest.xml:120:17-98
187-->[androidx.work:work-runtime:2.1.0] AndroidManifest.xml:120:25-95
188            </intent-filter>
189        </receiver>
190
191        <service
191-->[androidx.room:room-runtime:2.1.0] AndroidManifest.xml:25:9-27:40
192            android:name="androidx.room.MultiInstanceInvalidationService"
192-->[androidx.room:room-runtime:2.1.0] AndroidManifest.xml:26:13-74
193            android:exported="false" />
193-->[androidx.room:room-runtime:2.1.0] AndroidManifest.xml:27:13-37
194
195        <provider
195-->[androidx.lifecycle:lifecycle-process:2.2.0] AndroidManifest.xml:25:9-29:43
196            android:name="androidx.lifecycle.ProcessLifecycleOwnerInitializer"
196-->[androidx.lifecycle:lifecycle-process:2.2.0] AndroidManifest.xml:26:13-79
197            android:authorities="com.vasu.appcenter.lifecycle-process"
197-->[androidx.lifecycle:lifecycle-process:2.2.0] AndroidManifest.xml:27:13-69
198            android:exported="false"
198-->[androidx.lifecycle:lifecycle-process:2.2.0] AndroidManifest.xml:28:13-37
199            android:multiprocess="true" />
199-->[androidx.lifecycle:lifecycle-process:2.2.0] AndroidManifest.xml:29:13-40
200    </application>
201
202</manifest>